2019-10-15 21:52:38 WARN  NativeCodeLoader:62 - Unable to load native-hadoop library for your platform... using builtin-java classes where applicable
2019-10-15 21:52:39 INFO  SparkContext:54 - Running Spark version 2.3.1
2019-10-15 21:52:39 INFO  SparkContext:54 - Submitted application: lenet5
2019-10-15 21:52:39 INFO  SecurityManager:54 - Changing view acls to: martijn01_vermeulen
2019-10-15 21:52:39 INFO  SecurityManager:54 - Changing modify acls to: martijn01_vermeulen
2019-10-15 21:52:39 INFO  SecurityManager:54 - Changing view acls groups to: 
2019-10-15 21:52:39 INFO  SecurityManager:54 - Changing modify acls groups to: 
2019-10-15 21:52:39 INFO  SecurityManager:54 - SecurityManager: authentication disabled; ui acls disabled; users  with view permissions: Set(martijn01_vermeulen); groups with view permissions: Set(); users  with modify permissions: Set(martijn01_vermeulen); groups with modify permissions: Set()
2019-10-15 21:52:40 INFO  Utils:54 - Successfully started service 'sparkDriver' on port 41199.
2019-10-15 21:52:40 INFO  SparkEnv:54 - Registering MapOutputTracker
2019-10-15 21:52:40 INFO  SparkEnv:54 - Registering BlockManagerMaster
2019-10-15 21:52:40 INFO  BlockManagerMasterEndpoint:54 - Using org.apache.spark.storage.DefaultTopologyMapper for getting topology information
2019-10-15 21:52:40 INFO  BlockManagerMasterEndpoint:54 - BlockManagerMasterEndpoint up
2019-10-15 21:52:40 INFO  DiskBlockManager:54 - Created local directory at /tmp/blockmgr-f0bb144c-9ac5-47dc-9438-d3fab94112e2
2019-10-15 21:52:40 INFO  MemoryStore:54 - MemoryStore started with capacity 366.3 MB
2019-10-15 21:52:40 INFO  SparkEnv:54 - Registering OutputCommitCoordinator
2019-10-15 21:52:40 INFO  log:192 - Logging initialized @3870ms
2019-10-15 21:52:40 INFO  Server:346 - jetty-9.3.z-SNAPSHOT
2019-10-15 21:52:40 INFO  Server:414 - Started @4009ms
2019-10-15 21:52:40 INFO  AbstractConnector:278 - Started ServerConnector@6b1524e{HTTP/1.1,[http/1.1]}{0.0.0.0:4040}
2019-10-15 21:52:40 INFO  Utils:54 - Successfully started service 'SparkUI' on port 4040.
2019-10-15 21:52:40 INFO  ContextHandler:781 - Started o.s.j.s.ServletContextHandler@3e31eaca{/jobs,null,AVAILABLE,@Spark}
2019-10-15 21:52:40 INFO  ContextHandler:781 - Started o.s.j.s.ServletContextHandler@2fa75a79{/jobs/json,null,AVAILABLE,@Spark}
2019-10-15 21:52:40 INFO  ContextHandler:781 - Started o.s.j.s.ServletContextHandler@498e0c1{/jobs/job,null,AVAILABLE,@Spark}
2019-10-15 21:52:40 INFO  ContextHandler:781 - Started o.s.j.s.ServletContextHandler@164bbdb8{/jobs/job/json,null,AVAILABLE,@Spark}
2019-10-15 21:52:40 INFO  ContextHandler:781 - Started o.s.j.s.ServletContextHandler@3aa599a{/stages,null,AVAILABLE,@Spark}
2019-10-15 21:52:40 INFO  ContextHandler:781 - Started o.s.j.s.ServletContextHandler@40773fc6{/stages/json,null,AVAILABLE,@Spark}
2019-10-15 21:52:40 INFO  ContextHandler:781 - Started o.s.j.s.ServletContextHandler@6e13d46d{/stages/stage,null,AVAILABLE,@Spark}
2019-10-15 21:52:40 INFO  ContextHandler:781 - Started o.s.j.s.ServletContextHandler@db97186{/stages/stage/json,null,AVAILABLE,@Spark}
2019-10-15 21:52:40 INFO  ContextHandler:781 - Started o.s.j.s.ServletContextHandler@7df96ce0{/stages/pool,null,AVAILABLE,@Spark}
2019-10-15 21:52:40 INFO  ContextHandler:781 - Started o.s.j.s.ServletContextHandler@28c1dc67{/stages/pool/json,null,AVAILABLE,@Spark}
2019-10-15 21:52:40 INFO  ContextHandler:781 - Started o.s.j.s.ServletContextHandler@137d1760{/storage,null,AVAILABLE,@Spark}
2019-10-15 21:52:40 INFO  ContextHandler:781 - Started o.s.j.s.ServletContextHandler@550e61c8{/storage/json,null,AVAILABLE,@Spark}
2019-10-15 21:52:40 INFO  ContextHandler:781 - Started o.s.j.s.ServletContextHandler@632699e5{/storage/rdd,null,AVAILABLE,@Spark}
2019-10-15 21:52:40 INFO  ContextHandler:781 - Started o.s.j.s.ServletContextHandler@45a24302{/storage/rdd/json,null,AVAILABLE,@Spark}
2019-10-15 21:52:40 INFO  ContextHandler:781 - Started o.s.j.s.ServletContextHandler@3e9f9ac1{/environment,null,AVAILABLE,@Spark}
2019-10-15 21:52:40 INFO  ContextHandler:781 - Started o.s.j.s.ServletContextHandler@18b9acfb{/environment/json,null,AVAILABLE,@Spark}
2019-10-15 21:52:40 INFO  ContextHandler:781 - Started o.s.j.s.ServletContextHandler@4f87e7b8{/executors,null,AVAILABLE,@Spark}
2019-10-15 21:52:40 INFO  ContextHandler:781 - Started o.s.j.s.ServletContextHandler@186a0719{/executors/json,null,AVAILABLE,@Spark}
2019-10-15 21:52:40 INFO  ContextHandler:781 - Started o.s.j.s.ServletContextHandler@5a61df47{/executors/threadDump,null,AVAILABLE,@Spark}
2019-10-15 21:52:40 INFO  ContextHandler:781 - Started o.s.j.s.ServletContextHandler@fea7e84{/executors/threadDump/json,null,AVAILABLE,@Spark}
2019-10-15 21:52:40 INFO  ContextHandler:781 - Started o.s.j.s.ServletContextHandler@7f20e2e6{/static,null,AVAILABLE,@Spark}
2019-10-15 21:52:40 INFO  ContextHandler:781 - Started o.s.j.s.ServletContextHandler@5b6aa9e4{/,null,AVAILABLE,@Spark}
2019-10-15 21:52:40 INFO  ContextHandler:781 - Started o.s.j.s.ServletContextHandler@7199d98d{/api,null,AVAILABLE,@Spark}
2019-10-15 21:52:40 INFO  ContextHandler:781 - Started o.s.j.s.ServletContextHandler@551762fc{/jobs/job/kill,null,AVAILABLE,@Spark}
2019-10-15 21:52:40 INFO  ContextHandler:781 - Started o.s.j.s.ServletContextHandler@3a8a8979{/stages/stage/kill,null,AVAILABLE,@Spark}
2019-10-15 21:52:40 INFO  SparkUI:54 - Bound SparkUI to 0.0.0.0, and started at http://project-group-85cf.europe-west4-a.c.quantitative-performance.internal:4040
2019-10-15 21:52:41 INFO  SparkContext:54 - Added JAR file:///home/test/bd/spark/lib/bigdl-SPARK_2.3-0.8.0-jar-with-dependencies.jar at spark://project-group-85cf.europe-west4-a.c.quantitative-performance.internal:41199/jars/bigdl-SPARK_2.3-0.8.0-jar-with-dependencies.jar with timestamp 1571176361072
2019-10-15 21:52:41 INFO  SparkContext:54 - Added file file:/home/test/bd/codes/lenet5.py at spark://project-group-85cf.europe-west4-a.c.quantitative-performance.internal:41199/files/lenet5.py with timestamp 1571176361132
2019-10-15 21:52:41 INFO  Utils:54 - Copying /home/test/bd/codes/lenet5.py to /tmp/spark-aba9ecb1-d872-4bda-afe6-58a48d62806c/userFiles-83068b12-1ee6-491e-a929-bbf57d0bb19d/lenet5.py
2019-10-15 21:52:41 INFO  SparkContext:54 - Added file file:///home/test/bd/spark/lib/bigdl-0.8.0-python-api.zip at spark://project-group-85cf.europe-west4-a.c.quantitative-performance.internal:41199/files/bigdl-0.8.0-python-api.zip with timestamp 1571176361163
2019-10-15 21:52:41 INFO  Utils:54 - Copying /home/test/bd/spark/lib/bigdl-0.8.0-python-api.zip to /tmp/spark-aba9ecb1-d872-4bda-afe6-58a48d62806c/userFiles-83068b12-1ee6-491e-a929-bbf57d0bb19d/bigdl-0.8.0-python-api.zip
2019-10-15 21:52:41 INFO  StandaloneAppClient$ClientEndpoint:54 - Connecting to master spark://10.164.0.2:7077...
2019-10-15 21:52:41 INFO  TransportClientFactory:267 - Successfully created connection to /10.164.0.2:7077 after 88 ms (0 ms spent in bootstraps)
2019-10-15 21:52:41 INFO  StandaloneSchedulerBackend:54 - Connected to Spark cluster with app ID app-20191015215241-0332
2019-10-15 21:52:41 INFO  StandaloneAppClient$ClientEndpoint:54 - Executor added: app-20191015215241-0332/0 on worker-20191014155229-10.164.0.3-45141 (10.164.0.3:45141) with 1 core(s)
2019-10-15 21:52:41 INFO  StandaloneSchedulerBackend:54 - Granted executor ID app-20191015215241-0332/0 on hostPort 10.164.0.3:45141 with 1 core(s), 2.0 GB RAM
2019-10-15 21:52:41 INFO  Utils:54 - Successfully started service 'org.apache.spark.network.netty.NettyBlockTransferService' on port 42397.
2019-10-15 21:52:41 INFO  NettyBlockTransferService:54 - Server created on project-group-85cf.europe-west4-a.c.quantitative-performance.internal:42397
2019-10-15 21:52:41 INFO  BlockManager:54 - Using org.apache.spark.storage.RandomBlockReplicationPolicy for block replication policy
2019-10-15 21:52:41 INFO  StandaloneAppClient$ClientEndpoint:54 - Executor updated: app-20191015215241-0332/0 is now RUNNING
2019-10-15 21:52:41 INFO  BlockManagerMaster:54 - Registering BlockManager BlockManagerId(driver, project-group-85cf.europe-west4-a.c.quantitative-performance.internal, 42397, None)
2019-10-15 21:52:41 INFO  BlockManagerMasterEndpoint:54 - Registering block manager project-group-85cf.europe-west4-a.c.quantitative-performance.internal:42397 with 366.3 MB RAM, BlockManagerId(driver, project-group-85cf.europe-west4-a.c.quantitative-performance.internal, 42397, None)
2019-10-15 21:52:41 INFO  BlockManagerMaster:54 - Registered BlockManager BlockManagerId(driver, project-group-85cf.europe-west4-a.c.quantitative-performance.internal, 42397, None)
2019-10-15 21:52:41 INFO  BlockManager:54 - Initialized BlockManager: BlockManagerId(driver, project-group-85cf.europe-west4-a.c.quantitative-performance.internal, 42397, None)
2019-10-15 21:52:42 INFO  ContextHandler:781 - Started o.s.j.s.ServletContextHandler@376b546{/metrics/json,null,AVAILABLE,@Spark}
2019-10-15 21:52:44 INFO  CoarseGrainedSchedulerBackend$DriverEndpoint:54 - Registered executor NettyRpcEndpointRef(spark-client://Executor) (10.164.0.3:58942) with ID 0
2019-10-15 21:52:44 INFO  StandaloneSchedulerBackend:54 - SchedulerBackend is ready for scheduling beginning after reached minRegisteredResourcesRatio: 1.0
2019-10-15 21:52:45 INFO  BlockManagerMasterEndpoint:54 - Registering block manager 10.164.0.3:41699 with 1007.8 MB RAM, BlockManagerId(0, 10.164.0.3, 41699, None)
2019-10-15 21:52:45 INFO  Engine$:112 - Auto detect executor number and executor cores number
2019-10-15 21:52:45 INFO  Engine$:114 - Executor number is 1 and executor cores number is 1
2019-10-15 21:52:45 INFO  ThreadPool$:95 - Set mkl threads to 1 on thread 18
2019-10-15 21:52:45 INFO  Engine$:402 - Find existing spark context. Checking the spark conf...
cls.getname: com.intel.analytics.bigdl.python.api.Sample
BigDLBasePickler registering: bigdl.util.common  Sample
cls.getname: com.intel.analytics.bigdl.python.api.EvaluatedResult
BigDLBasePickler registering: bigdl.util.common  EvaluatedResult
cls.getname: com.intel.analytics.bigdl.python.api.JTensor
BigDLBasePickler registering: bigdl.util.common  JTensor
cls.getname: com.intel.analytics.bigdl.python.api.JActivity
BigDLBasePickler registering: bigdl.util.common  JActivity
0.001
('Extracting', '/tmp/mnist/train-images-idx3-ubyte.gz')
('Extracting', '/tmp/mnist/train-labels-idx1-ubyte.gz')
('Extracting', '/tmp/mnist/t10k-images-idx3-ubyte.gz')
('Extracting', '/tmp/mnist/t10k-labels-idx1-ubyte.gz')
creating: createSequential
creating: createReshape
creating: createSpatialConvolution
creating: createTanh
creating: createSpatialMaxPooling
creating: createSpatialConvolution
creating: createTanh
creating: createSpatialMaxPooling
creating: createReshape
creating: createLinear
creating: createTanh
creating: createLinear
creating: createLogSoftMax
creating: createClassNLLCriterion
creating: createDefault
creating: createSGD
creating: createMaxEpoch
creating: createDistriOptimizer
disableCheckSingleton is deprecated. Please use bigdl.check.singleton instead
creating: createEveryEpoch
creating: createTop1Accuracy
creating: createEveryEpoch
2019-10-15 21:52:48 INFO  DistriOptimizer$:784 - caching training rdd ...
2019-10-15 21:53:04 ERROR TaskSetManager:70 - Task 0 in stage 0.0 failed 4 times; aborting job
Traceback (most recent call last):
  File "/home/test/bd/codes/lenet5.py", line 73, in <module>
    trained_model = optimizer.optimize()
  File "/home/test/bd/spark/lib/bigdl-0.8.0-python-api.zip/bigdl/optim/optimizer.py", line 764, in optimize
  File "/home/test/bd/spark/lib/bigdl-0.8.0-python-api.zip/bigdl/util/common.py", line 634, in callJavaFunc
  File "/home/test/bd/spark/python/lib/py4j-0.10.7-src.zip/py4j/java_gateway.py", line 1257, in __call__
  File "/home/test/bd/spark/python/lib/py4j-0.10.7-src.zip/py4j/protocol.py", line 328, in get_return_value
py4j.protocol.Py4JJavaError: An error occurred while calling o108.optimize.
: org.apache.spark.SparkException: Job aborted due to stage failure: Task 0 in stage 0.0 failed 4 times, most recent failure: Lost task 0.3 in stage 0.0 (TID 6, 10.164.0.3, executor 0): java.io.IOException: No space left on device
	at java.io.FileOutputStream.writeBytes(Native Method)
	at java.io.FileOutputStream.write(FileOutputStream.java:326)
	at org.apache.spark.util.Utils$$anonfun$copyStream$1.apply$mcJ$sp(Utils.scala:350)
	at org.apache.spark.util.Utils$$anonfun$copyStream$1.apply(Utils.scala:335)
	at org.apache.spark.util.Utils$$anonfun$copyStream$1.apply(Utils.scala:335)
	at org.apache.spark.util.Utils$.tryWithSafeFinally(Utils.scala:1380)
	at org.apache.spark.util.Utils$.copyStream(Utils.scala:356)
	at org.apache.spark.util.Utils$.downloadFile(Utils.scala:536)
	at org.apache.spark.util.Utils$.doFetchFile(Utils.scala:666)
	at org.apache.spark.util.Utils$.fetchFile(Utils.scala:475)
	at org.apache.spark.executor.Executor$$anonfun$org$apache$spark$executor$Executor$$updateDependencies$5.apply(Executor.scala:755)
	at org.apache.spark.executor.Executor$$anonfun$org$apache$spark$executor$Executor$$updateDependencies$5.apply(Executor.scala:747)
	at scala.collection.TraversableLike$WithFilter$$anonfun$foreach$1.apply(TraversableLike.scala:733)
	at scala.collection.mutable.HashMap$$anonfun$foreach$1.apply(HashMap.scala:99)
	at scala.collection.mutable.HashMap$$anonfun$foreach$1.apply(HashMap.scala:99)
	at scala.collection.mutable.HashTable$class.foreachEntry(HashTable.scala:230)
	at scala.collection.mutable.HashMap.foreachEntry(HashMap.scala:40)
	at scala.collection.mutable.HashMap.foreach(HashMap.scala:99)
	at scala.collection.TraversableLike$WithFilter.foreach(TraversableLike.scala:732)
	at org.apache.spark.executor.Executor.org$apache$spark$executor$Executor$$updateDependencies(Executor.scala:747)
	at org.apache.spark.executor.Executor$TaskRunner.run(Executor.scala:312)
	at java.util.concurrent.ThreadPoolExecutor.runWorker(ThreadPoolExecutor.java:1149)
	at java.util.concurrent.ThreadPoolExecutor$Worker.run(ThreadPoolExecutor.java:624)
	at java.lang.Thread.run(Thread.java:748)

Driver stacktrace:
	at org.apache.spark.scheduler.DAGScheduler.org$apache$spark$scheduler$DAGScheduler$$failJobAndIndependentStages(DAGScheduler.scala:1602)
	at org.apache.spark.scheduler.DAGScheduler$$anonfun$abortStage$1.apply(DAGScheduler.scala:1590)
	at org.apache.spark.scheduler.DAGScheduler$$anonfun$abortStage$1.apply(DAGScheduler.scala:1589)
	at scala.collection.mutable.ResizableArray$class.foreach(ResizableArray.scala:59)
	at scala.collection.mutable.ArrayBuffer.foreach(ArrayBuffer.scala:48)
	at org.apache.spark.scheduler.DAGScheduler.abortStage(DAGScheduler.scala:1589)
	at org.apache.spark.scheduler.DAGScheduler$$anonfun$handleTaskSetFailed$1.apply(DAGScheduler.scala:831)
	at org.apache.spark.scheduler.DAGScheduler$$anonfun$handleTaskSetFailed$1.apply(DAGScheduler.scala:831)
	at scala.Option.foreach(Option.scala:257)
	at org.apache.spark.scheduler.DAGScheduler.handleTaskSetFailed(DAGScheduler.scala:831)
	at org.apache.spark.scheduler.DAGSchedulerEventProcessLoop.doOnReceive(DAGScheduler.scala:1823)
	at org.apache.spark.scheduler.DAGSchedulerEventProcessLoop.onReceive(DAGScheduler.scala:1772)
	at org.apache.spark.scheduler.DAGSchedulerEventProcessLoop.onReceive(DAGScheduler.scala:1761)
	at org.apache.spark.util.EventLoop$$anon$1.run(EventLoop.scala:48)
	at org.apache.spark.scheduler.DAGScheduler.runJob(DAGScheduler.scala:642)
	at org.apache.spark.SparkContext.runJob(SparkContext.scala:2034)
	at org.apache.spark.SparkContext.runJob(SparkContext.scala:2055)
	at org.apache.spark.SparkContext.runJob(SparkContext.scala:2074)
	at org.apache.spark.SparkContext.runJob(SparkContext.scala:2099)
	at org.apache.spark.rdd.RDD.count(RDD.scala:1162)
	at com.intel.analytics.bigdl.dataset.DistributedDataSet$$anon$5.cache(DataSet.scala:191)
	at com.intel.analytics.bigdl.optim.AbstractOptimizer.prepareInput(AbstractOptimizer.scala:282)
	at com.intel.analytics.bigdl.optim.DistriOptimizer.prepareInput(DistriOptimizer.scala:785)
	at com.intel.analytics.bigdl.optim.DistriOptimizer.optimize(DistriOptimizer.scala:841)
	at sun.reflect.NativeMethodAccessorImpl.invoke0(Native Method)
	at sun.reflect.NativeMethodAccessorImpl.invoke(NativeMethodAccessorImpl.java:62)
	at sun.reflect.DelegatingMethodAccessorImpl.invoke(DelegatingMethodAccessorImpl.java:43)
	at java.lang.reflect.Method.invoke(Method.java:498)
	at py4j.reflection.MethodInvoker.invoke(MethodInvoker.java:244)
	at py4j.reflection.ReflectionEngine.invoke(ReflectionEngine.java:357)
	at py4j.Gateway.invoke(Gateway.java:282)
	at py4j.commands.AbstractCommand.invokeMethod(AbstractCommand.java:132)
	at py4j.commands.CallCommand.execute(CallCommand.java:79)
	at py4j.GatewayConnection.run(GatewayConnection.java:238)
	at java.lang.Thread.run(Thread.java:748)
Caused by: java.io.IOException: No space left on device
	at java.io.FileOutputStream.writeBytes(Native Method)
	at java.io.FileOutputStream.write(FileOutputStream.java:326)
	at org.apache.spark.util.Utils$$anonfun$copyStream$1.apply$mcJ$sp(Utils.scala:350)
	at org.apache.spark.util.Utils$$anonfun$copyStream$1.apply(Utils.scala:335)
	at org.apache.spark.util.Utils$$anonfun$copyStream$1.apply(Utils.scala:335)
	at org.apache.spark.util.Utils$.tryWithSafeFinally(Utils.scala:1380)
	at org.apache.spark.util.Utils$.copyStream(Utils.scala:356)
	at org.apache.spark.util.Utils$.downloadFile(Utils.scala:536)
	at org.apache.spark.util.Utils$.doFetchFile(Utils.scala:666)
	at org.apache.spark.util.Utils$.fetchFile(Utils.scala:475)
	at org.apache.spark.executor.Executor$$anonfun$org$apache$spark$executor$Executor$$updateDependencies$5.apply(Executor.scala:755)
	at org.apache.spark.executor.Executor$$anonfun$org$apache$spark$executor$Executor$$updateDependencies$5.apply(Executor.scala:747)
	at scala.collection.TraversableLike$WithFilter$$anonfun$foreach$1.apply(TraversableLike.scala:733)
	at scala.collection.mutable.HashMap$$anonfun$foreach$1.apply(HashMap.scala:99)
	at scala.collection.mutable.HashMap$$anonfun$foreach$1.apply(HashMap.scala:99)
	at scala.collection.mutable.HashTable$class.foreachEntry(HashTable.scala:230)
	at scala.collection.mutable.HashMap.foreachEntry(HashMap.scala:40)
	at scala.collection.mutable.HashMap.foreach(HashMap.scala:99)
	at scala.collection.TraversableLike$WithFilter.foreach(TraversableLike.scala:732)
	at org.apache.spark.executor.Executor.org$apache$spark$executor$Executor$$updateDependencies(Executor.scala:747)
	at org.apache.spark.executor.Executor$TaskRunner.run(Executor.scala:312)
	at java.util.concurrent.ThreadPoolExecutor.runWorker(ThreadPoolExecutor.java:1149)
	at java.util.concurrent.ThreadPoolExecutor$Worker.run(ThreadPoolExecutor.java:624)
	... 1 more

